2020-07-03T17:46:34.056Z [warn] WARNING: {{html-safe}} was not converted as it has positional parameters which can't be automatically converted. Source: app/templates/connections/blogpost.hbs
2020-07-03T17:46:34.065Z [warn] WARNING: {{html-safe}} was not converted as it has positional parameters which can't be automatically converted. Source: app/templates/contact.hbs
2020-07-03T17:46:34.114Z [warn] WARNING: {{html-safe}} was not converted as it has positional parameters which can't be automatically converted. Source: app/templates/financial-life.hbs
2020-07-03T17:46:34.309Z [warn] WARNING: {{html-safe}} was not converted as it has positional parameters which can't be automatically converted. Source: app/templates/connections/post.hbs
2020-07-03T17:46:34.397Z [warn] WARNING: {{html-safe}} was not converted as it has positional parameters which can't be automatically converted. Source: app/templates/connections.hbs
2020-07-03T17:46:34.423Z [warn] WARNING: {{html-safe}} was not converted as it has positional parameters which can't be automatically converted. Source: app/templates/about.hbs
2020-07-03T17:46:34.689Z [warn] WARNING: {{html-safe}} was not converted as it has positional parameters which can't be automatically converted. Source: app/templates/about/member.hbs
2020-07-03T17:46:34.775Z [warn] WARNING: {{html-safe}} was not converted as it has positional parameters which can't be automatically converted. Source: app/templates/components/article-teaser.hbs
2020-07-03T17:46:34.806Z [warn] WARNING: {{html-safe}} was not converted as it has positional parameters which can't be automatically converted. Source: app/templates/index.hbs
2020-07-03T17:46:34.807Z [warn] WARNING: {{html-safe}} was not converted as it has positional parameters which can't be automatically converted. Source: app/templates/components/article-archive.hbs
2020-07-03T17:46:34.813Z [warn] WARNING: {{html-safe}} was not converted as it has positional parameters which can't be automatically converted. Source: app/templates/priority.hbs
2020-07-03T17:46:34.950Z [warn] WARNING: {{html-safe}} was not converted as it has positional parameters which can't be automatically converted. Source: app/templates/investment.hbs
2020-07-03T17:46:34.995Z [warn] WARNING: {{ddm.link-to}} was not converted as it has positional parameters which can't be automatically converted. Source: app/templates/components/main-nav.hbs
2020-07-03T17:46:35.074Z [warn] WARNING: {{html-safe}} was not converted as it has positional parameters which can't be automatically converted. Source: app/templates/components/page-section.hbs
2020-07-03T17:46:35.000Z [warn] WARNING: {{nav.link-to}} was not converted as it has positional parameters which can't be automatically converted. Source: app/templates/components/main-nav.hbs
2020-07-03T17:46:35.001Z [warn] WARNING: {{nav.link-to}} was not converted as it has positional parameters which can't be automatically converted. Source: app/templates/components/main-nav.hbs
2020-07-03T17:46:35.001Z [warn] WARNING: {{nav.link-to}} was not converted as it has positional parameters which can't be automatically converted. Source: app/templates/components/main-nav.hbs
2020-07-03T17:46:35.002Z [warn] WARNING: {{nav.link-to}} was not converted as it has positional parameters which can't be automatically converted. Source: app/templates/components/main-nav.hbs
2020-07-03T17:46:35.003Z [warn] WARNING: {{nav.link-to}} was not converted as it has positional parameters which can't be automatically converted. Source: app/templates/components/main-nav.hbs
2020-07-03T17:46:35.014Z [warn] WARNING: {{ddm.link-to}} was not converted as it has positional parameters which can't be automatically converted. Source: app/templates/components/main-nav.hbs
2020-07-03T17:46:35.016Z [warn] WARNING: {{nav.link-to}} was not converted as it has positional parameters which can't be automatically converted. Source: app/templates/components/main-nav.hbs
2020-07-03T17:46:35.017Z [warn] WARNING: {{nav.link-to}} was not converted as it has positional parameters which can't be automatically converted. Source: app/templates/components/main-nav.hbs
2020-07-03T17:46:35.017Z [warn] WARNING: {{nav.link-to}} was not converted as it has positional parameters which can't be automatically converted. Source: app/templates/components/main-nav.hbs
2020-07-03T17:46:35.018Z [warn] WARNING: {{ddm.link-to}} was not converted as it has positional parameters which can't be automatically converted. Source: app/templates/components/main-nav.hbs
2020-07-03T17:46:35.022Z [warn] WARNING: {{ddm.link-to}} was not converted as it has positional parameters which can't be automatically converted. Source: app/templates/components/main-nav.hbs
2020-07-03T17:46:35.024Z [warn] WARNING: {{nav.link-to}} was not converted as it has positional parameters which can't be automatically converted. Source: app/templates/components/main-nav.hbs
2020-07-03T17:46:35.025Z [warn] WARNING: {{nav.link-to}} was not converted as it has positional parameters which can't be automatically converted. Source: app/templates/components/main-nav.hbs
2020-07-03T17:46:35.026Z [warn] WARNING: {{nav.link-to}} was not converted as it has positional parameters which can't be automatically converted. Source: app/templates/components/main-nav.hbs
2020-07-03T17:46:35.026Z [warn] WARNING: {{ddm.link-to}} was not converted as it has positional parameters which can't be automatically converted. Source: app/templates/components/main-nav.hbs
2020-07-03T17:46:35.027Z [warn] WARNING: {{ddm.link-to}} was not converted as it has positional parameters which can't be automatically converted. Source: app/templates/components/main-nav.hbs
2020-07-03T17:46:35.077Z [warn] WARNING: {{html-safe}} was not converted as it has positional parameters which can't be automatically converted. Source: app/templates/components/news-listing.hbs
2020-07-03T17:46:35.085Z [warn] WARNING: {{html-safe}} was not converted as it has positional parameters which can't be automatically converted. Source: app/templates/components/page-section.hbs
2020-07-03T17:46:35.091Z [warn] WARNING: {{html-safe}} was not converted as it has positional parameters which can't be automatically converted. Source: app/templates/components/page-section.hbs
